<?xml version="1.0" encoding="UTF-8"?>
<!-- Generated by org.testng.reporters.JUnitReportReporter -->
<testsuite skipped="0" hostname="HariDarshana" name="runner.testRunner" tests="10" failures="0" timestamp="2023-03-01T18:28:11 CST" time="108.794" errors="9">
  <testcase name="runScenario" time="12.753" classname="runner.testRunner"/>
  <system-out/>
  <testcase name="runScenario" time="11.057" classname="runner.testRunner">
    <error type="org.openqa.selenium.StaleElementReferenceException" message="stale element reference: element is not attached to the page document
  (Session info: chrome=110.0.5481.105)
For documentation on this error, please visit: https://selenium.dev/exceptions/#stale_element_reference
Build info: version: &#039;4.8.0&#039;, revision: &#039;267030adea&#039;
System info: os.name: &#039;Windows 11&#039;, os.arch: &#039;amd64&#039;, os.version: &#039;10.0&#039;, java.version: &#039;1.8.0_351&#039;
Driver info: org.openqa.selenium.chrome.ChromeDriver
Command: [45d5135ed7d140ed3da62fbc6abe3c84, clickElement {id=19a2338a-08d5-46e0-9844-a7804a8b9cd4}]
Capabilities {acceptInsecureCerts: true, browserName: chrome, browserVersion: 110.0.5481.105, chrome: {chromedriverVersion: 110.0.5481.77 (65ed616c6e8e..., userDataDir: C:\WINDOWS\TEMP\scoped_dir8...}, goog:chromeOptions: {debuggerAddress: localhost:56719}, networkConnectionEnabled: false, pageLoadStrategy: normal, platformName: WINDOWS, proxy: Proxy(), se:cdp: ws://localhost:56719/devtoo..., se:cdpVersion: 110.0.5481.105, setWindowRect: true, strictFileInteractability: false, timeouts: {implicit: 20000, pageLoad: 30000, script: 30000}, unhandledPromptBehavior: dismiss and notify, webauthn:extension:credBlob: true, webauthn:extension:largeBlob: true, webauthn:virtualAuthenticators: true}
Element: [[ChromeDriver: chrome on WINDOWS (45d5135ed7d140ed3da62fbc6abe3c84)] -&gt; link text: Register]
Session ID: 45d5135ed7d140ed3da62fbc6abe3c84">
      <![CDATA[org.openqa.selenium.StaleElementReferenceException: stale element reference: element is not attached to the page document
  (Session info: chrome=110.0.5481.105)
For documentation on this error, please visit: https://selenium.dev/exceptions/#stale_element_reference
Build info: version: '4.8.0', revision: '267030adea'
System info: os.name: 'Windows 11', os.arch: 'amd64', os.version: '10.0', java.version: '1.8.0_351'
Driver info: org.openqa.selenium.chrome.ChromeDriver
Command: [45d5135ed7d140ed3da62fbc6abe3c84, clickElement {id=19a2338a-08d5-46e0-9844-a7804a8b9cd4}]
Capabilities {acceptInsecureCerts: true, browserName: chrome, browserVersion: 110.0.5481.105, chrome: {chromedriverVersion: 110.0.5481.77 (65ed616c6e8e..., userDataDir: C:\WINDOWS\TEMP\scoped_dir8...}, goog:chromeOptions: {debuggerAddress: localhost:56719}, networkConnectionEnabled: false, pageLoadStrategy: normal, platformName: WINDOWS, proxy: Proxy(), se:cdp: ws://localhost:56719/devtoo..., se:cdpVersion: 110.0.5481.105, setWindowRect: true, strictFileInteractability: false, timeouts: {implicit: 20000, pageLoad: 30000, script: 30000}, unhandledPromptBehavior: dismiss and notify, webauthn:extension:credBlob: true, webauthn:extension:largeBlob: true, webauthn:virtualAuthenticators: true}
Element: [[ChromeDriver: chrome on WINDOWS (45d5135ed7d140ed3da62fbc6abe3c84)] -> link text: Register]
Session ID: 45d5135ed7d140ed3da62fbc6abe3c84
at sun.reflect.NativeConstructorAccessorImpl.newInstance0(Native Method)
at sun.reflect.NativeConstructorAccessorImpl.newInstance(Unknown Source)
at sun.reflect.DelegatingConstructorAccessorImpl.newInstance(Unknown Source)
at java.lang.reflect.Constructor.newInstance(Unknown Source)
at org.openqa.selenium.remote.codec.w3c.W3CHttpResponseCodec.createException(W3CHttpResponseCodec.java:200)
at org.openqa.selenium.remote.codec.w3c.W3CHttpResponseCodec.decode(W3CHttpResponseCodec.java:133)
at org.openqa.selenium.remote.codec.w3c.W3CHttpResponseCodec.decode(W3CHttpResponseCodec.java:53)
at org.openqa.selenium.remote.HttpCommandExecutor.execute(HttpCommandExecutor.java:184)
at org.openqa.selenium.remote.service.DriverCommandExecutor.invokeExecute(DriverCommandExecutor.java:167)
at org.openqa.selenium.remote.service.DriverCommandExecutor.execute(DriverCommandExecutor.java:142)
at org.openqa.selenium.remote.RemoteWebDriver.execute(RemoteWebDriver.java:543)
at org.openqa.selenium.remote.RemoteWebElement.execute(RemoteWebElement.java:257)
at org.openqa.selenium.remote.RemoteWebElement.click(RemoteWebElement.java:78)
at pages.registerPage.register_link(registerPage.java:146)
at StepDefinition.registerPage_step.the_user_clicks_register_button_after_entering_and(registerPage_step.java:129)
at ✽.The user clicks Register button after entering "Numphysdet94NN", "sdet94batchNN" and "sdet94batchNN"(file:///C:/Users/Reka/git/DS-ALGO-94NN/src/test/resources/features/02_registerPage.feature:79)
]]>
    </error>
  </testcase> <!-- runScenario -->
  <system-out/>
  <testcase name="runScenario" time="10.003" classname="runner.testRunner">
    <error type="org.openqa.selenium.StaleElementReferenceException" message="stale element reference: element is not attached to the page document
  (Session info: chrome=110.0.5481.105)
For documentation on this error, please visit: https://selenium.dev/exceptions/#stale_element_reference
Build info: version: &#039;4.8.0&#039;, revision: &#039;267030adea&#039;
System info: os.name: &#039;Windows 11&#039;, os.arch: &#039;amd64&#039;, os.version: &#039;10.0&#039;, java.version: &#039;1.8.0_351&#039;
Driver info: org.openqa.selenium.chrome.ChromeDriver
Command: [45d5135ed7d140ed3da62fbc6abe3c84, clickElement {id=19a2338a-08d5-46e0-9844-a7804a8b9cd4}]
Capabilities {acceptInsecureCerts: true, browserName: chrome, browserVersion: 110.0.5481.105, chrome: {chromedriverVersion: 110.0.5481.77 (65ed616c6e8e..., userDataDir: C:\WINDOWS\TEMP\scoped_dir8...}, goog:chromeOptions: {debuggerAddress: localhost:56719}, networkConnectionEnabled: false, pageLoadStrategy: normal, platformName: WINDOWS, proxy: Proxy(), se:cdp: ws://localhost:56719/devtoo..., se:cdpVersion: 110.0.5481.105, setWindowRect: true, strictFileInteractability: false, timeouts: {implicit: 20000, pageLoad: 30000, script: 30000}, unhandledPromptBehavior: dismiss and notify, webauthn:extension:credBlob: true, webauthn:extension:largeBlob: true, webauthn:virtualAuthenticators: true}
Element: [[ChromeDriver: chrome on WINDOWS (45d5135ed7d140ed3da62fbc6abe3c84)] -&gt; link text: Register]
Session ID: 45d5135ed7d140ed3da62fbc6abe3c84">
      <![CDATA[org.openqa.selenium.StaleElementReferenceException: stale element reference: element is not attached to the page document
  (Session info: chrome=110.0.5481.105)
For documentation on this error, please visit: https://selenium.dev/exceptions/#stale_element_reference
Build info: version: '4.8.0', revision: '267030adea'
System info: os.name: 'Windows 11', os.arch: 'amd64', os.version: '10.0', java.version: '1.8.0_351'
Driver info: org.openqa.selenium.chrome.ChromeDriver
Command: [45d5135ed7d140ed3da62fbc6abe3c84, clickElement {id=19a2338a-08d5-46e0-9844-a7804a8b9cd4}]
Capabilities {acceptInsecureCerts: true, browserName: chrome, browserVersion: 110.0.5481.105, chrome: {chromedriverVersion: 110.0.5481.77 (65ed616c6e8e..., userDataDir: C:\WINDOWS\TEMP\scoped_dir8...}, goog:chromeOptions: {debuggerAddress: localhost:56719}, networkConnectionEnabled: false, pageLoadStrategy: normal, platformName: WINDOWS, proxy: Proxy(), se:cdp: ws://localhost:56719/devtoo..., se:cdpVersion: 110.0.5481.105, setWindowRect: true, strictFileInteractability: false, timeouts: {implicit: 20000, pageLoad: 30000, script: 30000}, unhandledPromptBehavior: dismiss and notify, webauthn:extension:credBlob: true, webauthn:extension:largeBlob: true, webauthn:virtualAuthenticators: true}
Element: [[ChromeDriver: chrome on WINDOWS (45d5135ed7d140ed3da62fbc6abe3c84)] -> link text: Register]
Session ID: 45d5135ed7d140ed3da62fbc6abe3c84
at sun.reflect.NativeConstructorAccessorImpl.newInstance0(Native Method)
at sun.reflect.NativeConstructorAccessorImpl.newInstance(Unknown Source)
at sun.reflect.DelegatingConstructorAccessorImpl.newInstance(Unknown Source)
at java.lang.reflect.Constructor.newInstance(Unknown Source)
at org.openqa.selenium.remote.codec.w3c.W3CHttpResponseCodec.createException(W3CHttpResponseCodec.java:200)
at org.openqa.selenium.remote.codec.w3c.W3CHttpResponseCodec.decode(W3CHttpResponseCodec.java:133)
at org.openqa.selenium.remote.codec.w3c.W3CHttpResponseCodec.decode(W3CHttpResponseCodec.java:53)
at org.openqa.selenium.remote.HttpCommandExecutor.execute(HttpCommandExecutor.java:184)
at org.openqa.selenium.remote.service.DriverCommandExecutor.invokeExecute(DriverCommandExecutor.java:167)
at org.openqa.selenium.remote.service.DriverCommandExecutor.execute(DriverCommandExecutor.java:142)
at org.openqa.selenium.remote.RemoteWebDriver.execute(RemoteWebDriver.java:543)
at org.openqa.selenium.remote.RemoteWebElement.execute(RemoteWebElement.java:257)
at org.openqa.selenium.remote.RemoteWebElement.click(RemoteWebElement.java:78)
at pages.registerPage.register_link(registerPage.java:146)
at StepDefinition.registerPage_step.the_user_clicks_register_button_after_entering_and(registerPage_step.java:129)
at ✽.The user clicks Register button after entering "user94name", "sdet" and "sdet94batch"(file:///C:/Users/Reka/git/DS-ALGO-94NN/src/test/resources/features/02_registerPage.feature:79)
]]>
    </error>
  </testcase> <!-- runScenario -->
  <system-out/>
  <testcase name="runScenario" time="10.206" classname="runner.testRunner">
    <error type="org.openqa.selenium.StaleElementReferenceException" message="stale element reference: element is not attached to the page document
  (Session info: chrome=110.0.5481.105)
For documentation on this error, please visit: https://selenium.dev/exceptions/#stale_element_reference
Build info: version: &#039;4.8.0&#039;, revision: &#039;267030adea&#039;
System info: os.name: &#039;Windows 11&#039;, os.arch: &#039;amd64&#039;, os.version: &#039;10.0&#039;, java.version: &#039;1.8.0_351&#039;
Driver info: org.openqa.selenium.chrome.ChromeDriver
Command: [45d5135ed7d140ed3da62fbc6abe3c84, clickElement {id=19a2338a-08d5-46e0-9844-a7804a8b9cd4}]
Capabilities {acceptInsecureCerts: true, browserName: chrome, browserVersion: 110.0.5481.105, chrome: {chromedriverVersion: 110.0.5481.77 (65ed616c6e8e..., userDataDir: C:\WINDOWS\TEMP\scoped_dir8...}, goog:chromeOptions: {debuggerAddress: localhost:56719}, networkConnectionEnabled: false, pageLoadStrategy: normal, platformName: WINDOWS, proxy: Proxy(), se:cdp: ws://localhost:56719/devtoo..., se:cdpVersion: 110.0.5481.105, setWindowRect: true, strictFileInteractability: false, timeouts: {implicit: 20000, pageLoad: 30000, script: 30000}, unhandledPromptBehavior: dismiss and notify, webauthn:extension:credBlob: true, webauthn:extension:largeBlob: true, webauthn:virtualAuthenticators: true}
Element: [[ChromeDriver: chrome on WINDOWS (45d5135ed7d140ed3da62fbc6abe3c84)] -&gt; link text: Register]
Session ID: 45d5135ed7d140ed3da62fbc6abe3c84">
      <![CDATA[org.openqa.selenium.StaleElementReferenceException: stale element reference: element is not attached to the page document
  (Session info: chrome=110.0.5481.105)
For documentation on this error, please visit: https://selenium.dev/exceptions/#stale_element_reference
Build info: version: '4.8.0', revision: '267030adea'
System info: os.name: 'Windows 11', os.arch: 'amd64', os.version: '10.0', java.version: '1.8.0_351'
Driver info: org.openqa.selenium.chrome.ChromeDriver
Command: [45d5135ed7d140ed3da62fbc6abe3c84, clickElement {id=19a2338a-08d5-46e0-9844-a7804a8b9cd4}]
Capabilities {acceptInsecureCerts: true, browserName: chrome, browserVersion: 110.0.5481.105, chrome: {chromedriverVersion: 110.0.5481.77 (65ed616c6e8e..., userDataDir: C:\WINDOWS\TEMP\scoped_dir8...}, goog:chromeOptions: {debuggerAddress: localhost:56719}, networkConnectionEnabled: false, pageLoadStrategy: normal, platformName: WINDOWS, proxy: Proxy(), se:cdp: ws://localhost:56719/devtoo..., se:cdpVersion: 110.0.5481.105, setWindowRect: true, strictFileInteractability: false, timeouts: {implicit: 20000, pageLoad: 30000, script: 30000}, unhandledPromptBehavior: dismiss and notify, webauthn:extension:credBlob: true, webauthn:extension:largeBlob: true, webauthn:virtualAuthenticators: true}
Element: [[ChromeDriver: chrome on WINDOWS (45d5135ed7d140ed3da62fbc6abe3c84)] -> link text: Register]
Session ID: 45d5135ed7d140ed3da62fbc6abe3c84
at sun.reflect.NativeConstructorAccessorImpl.newInstance0(Native Method)
at sun.reflect.NativeConstructorAccessorImpl.newInstance(Unknown Source)
at sun.reflect.DelegatingConstructorAccessorImpl.newInstance(Unknown Source)
at java.lang.reflect.Constructor.newInstance(Unknown Source)
at org.openqa.selenium.remote.codec.w3c.W3CHttpResponseCodec.createException(W3CHttpResponseCodec.java:200)
at org.openqa.selenium.remote.codec.w3c.W3CHttpResponseCodec.decode(W3CHttpResponseCodec.java:133)
at org.openqa.selenium.remote.codec.w3c.W3CHttpResponseCodec.decode(W3CHttpResponseCodec.java:53)
at org.openqa.selenium.remote.HttpCommandExecutor.execute(HttpCommandExecutor.java:184)
at org.openqa.selenium.remote.service.DriverCommandExecutor.invokeExecute(DriverCommandExecutor.java:167)
at org.openqa.selenium.remote.service.DriverCommandExecutor.execute(DriverCommandExecutor.java:142)
at org.openqa.selenium.remote.RemoteWebDriver.execute(RemoteWebDriver.java:543)
at org.openqa.selenium.remote.RemoteWebElement.execute(RemoteWebElement.java:257)
at org.openqa.selenium.remote.RemoteWebElement.click(RemoteWebElement.java:78)
at pages.registerPage.clickRegisterLink(registerPage.java:51)
at StepDefinition.registerPage_step.the_user_enters_with_other_fields_empty_and_user_clicks_register_button(registerPage_step.java:44)
at ✽.The user  enters "username" with other fields empty and user clicks register button(file:///C:/Users/Reka/git/DS-ALGO-94NN/src/test/resources/features/02_registerPage.feature:31)
]]>
    </error>
  </testcase> <!-- runScenario -->
  <system-out/>
  <testcase name="runScenario" time="11.255" classname="runner.testRunner">
    <error type="org.openqa.selenium.StaleElementReferenceException" message="stale element reference: element is not attached to the page document
  (Session info: chrome=110.0.5481.105)
For documentation on this error, please visit: https://selenium.dev/exceptions/#stale_element_reference
Build info: version: &#039;4.8.0&#039;, revision: &#039;267030adea&#039;
System info: os.name: &#039;Windows 11&#039;, os.arch: &#039;amd64&#039;, os.version: &#039;10.0&#039;, java.version: &#039;1.8.0_351&#039;
Driver info: org.openqa.selenium.chrome.ChromeDriver
Command: [45d5135ed7d140ed3da62fbc6abe3c84, clickElement {id=19a2338a-08d5-46e0-9844-a7804a8b9cd4}]
Capabilities {acceptInsecureCerts: true, browserName: chrome, browserVersion: 110.0.5481.105, chrome: {chromedriverVersion: 110.0.5481.77 (65ed616c6e8e..., userDataDir: C:\WINDOWS\TEMP\scoped_dir8...}, goog:chromeOptions: {debuggerAddress: localhost:56719}, networkConnectionEnabled: false, pageLoadStrategy: normal, platformName: WINDOWS, proxy: Proxy(), se:cdp: ws://localhost:56719/devtoo..., se:cdpVersion: 110.0.5481.105, setWindowRect: true, strictFileInteractability: false, timeouts: {implicit: 20000, pageLoad: 30000, script: 30000}, unhandledPromptBehavior: dismiss and notify, webauthn:extension:credBlob: true, webauthn:extension:largeBlob: true, webauthn:virtualAuthenticators: true}
Element: [[ChromeDriver: chrome on WINDOWS (45d5135ed7d140ed3da62fbc6abe3c84)] -&gt; link text: Register]
Session ID: 45d5135ed7d140ed3da62fbc6abe3c84">
      <![CDATA[org.openqa.selenium.StaleElementReferenceException: stale element reference: element is not attached to the page document
  (Session info: chrome=110.0.5481.105)
For documentation on this error, please visit: https://selenium.dev/exceptions/#stale_element_reference
Build info: version: '4.8.0', revision: '267030adea'
System info: os.name: 'Windows 11', os.arch: 'amd64', os.version: '10.0', java.version: '1.8.0_351'
Driver info: org.openqa.selenium.chrome.ChromeDriver
Command: [45d5135ed7d140ed3da62fbc6abe3c84, clickElement {id=19a2338a-08d5-46e0-9844-a7804a8b9cd4}]
Capabilities {acceptInsecureCerts: true, browserName: chrome, browserVersion: 110.0.5481.105, chrome: {chromedriverVersion: 110.0.5481.77 (65ed616c6e8e..., userDataDir: C:\WINDOWS\TEMP\scoped_dir8...}, goog:chromeOptions: {debuggerAddress: localhost:56719}, networkConnectionEnabled: false, pageLoadStrategy: normal, platformName: WINDOWS, proxy: Proxy(), se:cdp: ws://localhost:56719/devtoo..., se:cdpVersion: 110.0.5481.105, setWindowRect: true, strictFileInteractability: false, timeouts: {implicit: 20000, pageLoad: 30000, script: 30000}, unhandledPromptBehavior: dismiss and notify, webauthn:extension:credBlob: true, webauthn:extension:largeBlob: true, webauthn:virtualAuthenticators: true}
Element: [[ChromeDriver: chrome on WINDOWS (45d5135ed7d140ed3da62fbc6abe3c84)] -> link text: Register]
Session ID: 45d5135ed7d140ed3da62fbc6abe3c84
at sun.reflect.NativeConstructorAccessorImpl.newInstance0(Native Method)
at sun.reflect.NativeConstructorAccessorImpl.newInstance(Unknown Source)
at sun.reflect.DelegatingConstructorAccessorImpl.newInstance(Unknown Source)
at java.lang.reflect.Constructor.newInstance(Unknown Source)
at org.openqa.selenium.remote.codec.w3c.W3CHttpResponseCodec.createException(W3CHttpResponseCodec.java:200)
at org.openqa.selenium.remote.codec.w3c.W3CHttpResponseCodec.decode(W3CHttpResponseCodec.java:133)
at org.openqa.selenium.remote.codec.w3c.W3CHttpResponseCodec.decode(W3CHttpResponseCodec.java:53)
at org.openqa.selenium.remote.HttpCommandExecutor.execute(HttpCommandExecutor.java:184)
at org.openqa.selenium.remote.service.DriverCommandExecutor.invokeExecute(DriverCommandExecutor.java:167)
at org.openqa.selenium.remote.service.DriverCommandExecutor.execute(DriverCommandExecutor.java:142)
at org.openqa.selenium.remote.RemoteWebDriver.execute(RemoteWebDriver.java:543)
at org.openqa.selenium.remote.RemoteWebElement.execute(RemoteWebElement.java:257)
at org.openqa.selenium.remote.RemoteWebElement.click(RemoteWebElement.java:78)
at pages.registerPage.clickRegisterLink(registerPage.java:51)
at StepDefinition.registerPage_step.the_user_enters_a_with_characters_other_than_letters_digits_and_with_and_and_user_clicks_register_button(registerPage_step.java:81)
at ✽.The user enters a "username" with characters other than Letters, digits and @/./+/-/_   with "password" and "confirm_password" and user clicks register button(file:///C:/Users/Reka/git/DS-ALGO-94NN/src/test/resources/features/02_registerPage.feature:47)
]]>
    </error>
  </testcase> <!-- runScenario -->
  <system-out/>
  <testcase name="runScenario" time="11.462" classname="runner.testRunner">
    <error type="org.openqa.selenium.StaleElementReferenceException" message="stale element reference: element is not attached to the page document
  (Session info: chrome=110.0.5481.105)
For documentation on this error, please visit: https://selenium.dev/exceptions/#stale_element_reference
Build info: version: &#039;4.8.0&#039;, revision: &#039;267030adea&#039;
System info: os.name: &#039;Windows 11&#039;, os.arch: &#039;amd64&#039;, os.version: &#039;10.0&#039;, java.version: &#039;1.8.0_351&#039;
Driver info: org.openqa.selenium.chrome.ChromeDriver
Command: [45d5135ed7d140ed3da62fbc6abe3c84, clickElement {id=19a2338a-08d5-46e0-9844-a7804a8b9cd4}]
Capabilities {acceptInsecureCerts: true, browserName: chrome, browserVersion: 110.0.5481.105, chrome: {chromedriverVersion: 110.0.5481.77 (65ed616c6e8e..., userDataDir: C:\WINDOWS\TEMP\scoped_dir8...}, goog:chromeOptions: {debuggerAddress: localhost:56719}, networkConnectionEnabled: false, pageLoadStrategy: normal, platformName: WINDOWS, proxy: Proxy(), se:cdp: ws://localhost:56719/devtoo..., se:cdpVersion: 110.0.5481.105, setWindowRect: true, strictFileInteractability: false, timeouts: {implicit: 20000, pageLoad: 30000, script: 30000}, unhandledPromptBehavior: dismiss and notify, webauthn:extension:credBlob: true, webauthn:extension:largeBlob: true, webauthn:virtualAuthenticators: true}
Element: [[ChromeDriver: chrome on WINDOWS (45d5135ed7d140ed3da62fbc6abe3c84)] -&gt; link text: Register]
Session ID: 45d5135ed7d140ed3da62fbc6abe3c84">
      <![CDATA[org.openqa.selenium.StaleElementReferenceException: stale element reference: element is not attached to the page document
  (Session info: chrome=110.0.5481.105)
For documentation on this error, please visit: https://selenium.dev/exceptions/#stale_element_reference
Build info: version: '4.8.0', revision: '267030adea'
System info: os.name: 'Windows 11', os.arch: 'amd64', os.version: '10.0', java.version: '1.8.0_351'
Driver info: org.openqa.selenium.chrome.ChromeDriver
Command: [45d5135ed7d140ed3da62fbc6abe3c84, clickElement {id=19a2338a-08d5-46e0-9844-a7804a8b9cd4}]
Capabilities {acceptInsecureCerts: true, browserName: chrome, browserVersion: 110.0.5481.105, chrome: {chromedriverVersion: 110.0.5481.77 (65ed616c6e8e..., userDataDir: C:\WINDOWS\TEMP\scoped_dir8...}, goog:chromeOptions: {debuggerAddress: localhost:56719}, networkConnectionEnabled: false, pageLoadStrategy: normal, platformName: WINDOWS, proxy: Proxy(), se:cdp: ws://localhost:56719/devtoo..., se:cdpVersion: 110.0.5481.105, setWindowRect: true, strictFileInteractability: false, timeouts: {implicit: 20000, pageLoad: 30000, script: 30000}, unhandledPromptBehavior: dismiss and notify, webauthn:extension:credBlob: true, webauthn:extension:largeBlob: true, webauthn:virtualAuthenticators: true}
Element: [[ChromeDriver: chrome on WINDOWS (45d5135ed7d140ed3da62fbc6abe3c84)] -> link text: Register]
Session ID: 45d5135ed7d140ed3da62fbc6abe3c84
at sun.reflect.NativeConstructorAccessorImpl.newInstance0(Native Method)
at sun.reflect.NativeConstructorAccessorImpl.newInstance(Unknown Source)
at sun.reflect.DelegatingConstructorAccessorImpl.newInstance(Unknown Source)
at java.lang.reflect.Constructor.newInstance(Unknown Source)
at org.openqa.selenium.remote.codec.w3c.W3CHttpResponseCodec.createException(W3CHttpResponseCodec.java:200)
at org.openqa.selenium.remote.codec.w3c.W3CHttpResponseCodec.decode(W3CHttpResponseCodec.java:133)
at org.openqa.selenium.remote.codec.w3c.W3CHttpResponseCodec.decode(W3CHttpResponseCodec.java:53)
at org.openqa.selenium.remote.HttpCommandExecutor.execute(HttpCommandExecutor.java:184)
at org.openqa.selenium.remote.service.DriverCommandExecutor.invokeExecute(DriverCommandExecutor.java:167)
at org.openqa.selenium.remote.service.DriverCommandExecutor.execute(DriverCommandExecutor.java:142)
at org.openqa.selenium.remote.RemoteWebDriver.execute(RemoteWebDriver.java:543)
at org.openqa.selenium.remote.RemoteWebElement.execute(RemoteWebElement.java:257)
at org.openqa.selenium.remote.RemoteWebElement.click(RemoteWebElement.java:78)
at pages.registerPage.clickRegisterLink(registerPage.java:51)
at StepDefinition.registerPage_step.the_user_enters_and_different_passwords_in_and_fields_and_user_clicks_register_button(registerPage_step.java:97)
at ✽.The user enters "username" and different passwords in "password" and "confirm_password" fields and user clicks register button(file:///C:/Users/Reka/git/DS-ALGO-94NN/src/test/resources/features/02_registerPage.feature:55)
]]>
    </error>
  </testcase> <!-- runScenario -->
  <system-out/>
  <testcase name="runScenario" time="10.682" classname="runner.testRunner">
    <error type="org.openqa.selenium.StaleElementReferenceException" message="stale element reference: element is not attached to the page document
  (Session info: chrome=110.0.5481.105)
For documentation on this error, please visit: https://selenium.dev/exceptions/#stale_element_reference
Build info: version: &#039;4.8.0&#039;, revision: &#039;267030adea&#039;
System info: os.name: &#039;Windows 11&#039;, os.arch: &#039;amd64&#039;, os.version: &#039;10.0&#039;, java.version: &#039;1.8.0_351&#039;
Driver info: org.openqa.selenium.chrome.ChromeDriver
Command: [45d5135ed7d140ed3da62fbc6abe3c84, clickElement {id=19a2338a-08d5-46e0-9844-a7804a8b9cd4}]
Capabilities {acceptInsecureCerts: true, browserName: chrome, browserVersion: 110.0.5481.105, chrome: {chromedriverVersion: 110.0.5481.77 (65ed616c6e8e..., userDataDir: C:\WINDOWS\TEMP\scoped_dir8...}, goog:chromeOptions: {debuggerAddress: localhost:56719}, networkConnectionEnabled: false, pageLoadStrategy: normal, platformName: WINDOWS, proxy: Proxy(), se:cdp: ws://localhost:56719/devtoo..., se:cdpVersion: 110.0.5481.105, setWindowRect: true, strictFileInteractability: false, timeouts: {implicit: 20000, pageLoad: 30000, script: 30000}, unhandledPromptBehavior: dismiss and notify, webauthn:extension:credBlob: true, webauthn:extension:largeBlob: true, webauthn:virtualAuthenticators: true}
Element: [[ChromeDriver: chrome on WINDOWS (45d5135ed7d140ed3da62fbc6abe3c84)] -&gt; link text: Register]
Session ID: 45d5135ed7d140ed3da62fbc6abe3c84">
      <![CDATA[org.openqa.selenium.StaleElementReferenceException: stale element reference: element is not attached to the page document
  (Session info: chrome=110.0.5481.105)
For documentation on this error, please visit: https://selenium.dev/exceptions/#stale_element_reference
Build info: version: '4.8.0', revision: '267030adea'
System info: os.name: 'Windows 11', os.arch: 'amd64', os.version: '10.0', java.version: '1.8.0_351'
Driver info: org.openqa.selenium.chrome.ChromeDriver
Command: [45d5135ed7d140ed3da62fbc6abe3c84, clickElement {id=19a2338a-08d5-46e0-9844-a7804a8b9cd4}]
Capabilities {acceptInsecureCerts: true, browserName: chrome, browserVersion: 110.0.5481.105, chrome: {chromedriverVersion: 110.0.5481.77 (65ed616c6e8e..., userDataDir: C:\WINDOWS\TEMP\scoped_dir8...}, goog:chromeOptions: {debuggerAddress: localhost:56719}, networkConnectionEnabled: false, pageLoadStrategy: normal, platformName: WINDOWS, proxy: Proxy(), se:cdp: ws://localhost:56719/devtoo..., se:cdpVersion: 110.0.5481.105, setWindowRect: true, strictFileInteractability: false, timeouts: {implicit: 20000, pageLoad: 30000, script: 30000}, unhandledPromptBehavior: dismiss and notify, webauthn:extension:credBlob: true, webauthn:extension:largeBlob: true, webauthn:virtualAuthenticators: true}
Element: [[ChromeDriver: chrome on WINDOWS (45d5135ed7d140ed3da62fbc6abe3c84)] -> link text: Register]
Session ID: 45d5135ed7d140ed3da62fbc6abe3c84
at sun.reflect.NativeConstructorAccessorImpl.newInstance0(Native Method)
at sun.reflect.NativeConstructorAccessorImpl.newInstance(Unknown Source)
at sun.reflect.DelegatingConstructorAccessorImpl.newInstance(Unknown Source)
at java.lang.reflect.Constructor.newInstance(Unknown Source)
at org.openqa.selenium.remote.codec.w3c.W3CHttpResponseCodec.createException(W3CHttpResponseCodec.java:200)
at org.openqa.selenium.remote.codec.w3c.W3CHttpResponseCodec.decode(W3CHttpResponseCodec.java:133)
at org.openqa.selenium.remote.codec.w3c.W3CHttpResponseCodec.decode(W3CHttpResponseCodec.java:53)
at org.openqa.selenium.remote.HttpCommandExecutor.execute(HttpCommandExecutor.java:184)
at org.openqa.selenium.remote.service.DriverCommandExecutor.invokeExecute(DriverCommandExecutor.java:167)
at org.openqa.selenium.remote.service.DriverCommandExecutor.execute(DriverCommandExecutor.java:142)
at org.openqa.selenium.remote.RemoteWebDriver.execute(RemoteWebDriver.java:543)
at org.openqa.selenium.remote.RemoteWebElement.execute(RemoteWebElement.java:257)
at org.openqa.selenium.remote.RemoteWebElement.click(RemoteWebElement.java:78)
at pages.registerPage.clickRegisterLink(registerPage.java:51)
at StepDefinition.registerPage_step.the_user_enters_a_valid_existing_with_and(registerPage_step.java:146)
at ✽.The user enters a valid existing "username" with "password" and "confirm_password"(file:///C:/Users/Reka/git/DS-ALGO-94NN/src/test/resources/features/02_registerPage.feature:89)
]]>
    </error>
  </testcase> <!-- runScenario -->
  <system-out/>
  <testcase name="runScenario" time="10.861" classname="runner.testRunner">
    <error type="org.openqa.selenium.StaleElementReferenceException" message="stale element reference: element is not attached to the page document
  (Session info: chrome=110.0.5481.105)
For documentation on this error, please visit: https://selenium.dev/exceptions/#stale_element_reference
Build info: version: &#039;4.8.0&#039;, revision: &#039;267030adea&#039;
System info: os.name: &#039;Windows 11&#039;, os.arch: &#039;amd64&#039;, os.version: &#039;10.0&#039;, java.version: &#039;1.8.0_351&#039;
Driver info: org.openqa.selenium.chrome.ChromeDriver
Command: [45d5135ed7d140ed3da62fbc6abe3c84, clickElement {id=19a2338a-08d5-46e0-9844-a7804a8b9cd4}]
Capabilities {acceptInsecureCerts: true, browserName: chrome, browserVersion: 110.0.5481.105, chrome: {chromedriverVersion: 110.0.5481.77 (65ed616c6e8e..., userDataDir: C:\WINDOWS\TEMP\scoped_dir8...}, goog:chromeOptions: {debuggerAddress: localhost:56719}, networkConnectionEnabled: false, pageLoadStrategy: normal, platformName: WINDOWS, proxy: Proxy(), se:cdp: ws://localhost:56719/devtoo..., se:cdpVersion: 110.0.5481.105, setWindowRect: true, strictFileInteractability: false, timeouts: {implicit: 20000, pageLoad: 30000, script: 30000}, unhandledPromptBehavior: dismiss and notify, webauthn:extension:credBlob: true, webauthn:extension:largeBlob: true, webauthn:virtualAuthenticators: true}
Element: [[ChromeDriver: chrome on WINDOWS (45d5135ed7d140ed3da62fbc6abe3c84)] -&gt; link text: Register]
Session ID: 45d5135ed7d140ed3da62fbc6abe3c84">
      <![CDATA[org.openqa.selenium.StaleElementReferenceException: stale element reference: element is not attached to the page document
  (Session info: chrome=110.0.5481.105)
For documentation on this error, please visit: https://selenium.dev/exceptions/#stale_element_reference
Build info: version: '4.8.0', revision: '267030adea'
System info: os.name: 'Windows 11', os.arch: 'amd64', os.version: '10.0', java.version: '1.8.0_351'
Driver info: org.openqa.selenium.chrome.ChromeDriver
Command: [45d5135ed7d140ed3da62fbc6abe3c84, clickElement {id=19a2338a-08d5-46e0-9844-a7804a8b9cd4}]
Capabilities {acceptInsecureCerts: true, browserName: chrome, browserVersion: 110.0.5481.105, chrome: {chromedriverVersion: 110.0.5481.77 (65ed616c6e8e..., userDataDir: C:\WINDOWS\TEMP\scoped_dir8...}, goog:chromeOptions: {debuggerAddress: localhost:56719}, networkConnectionEnabled: false, pageLoadStrategy: normal, platformName: WINDOWS, proxy: Proxy(), se:cdp: ws://localhost:56719/devtoo..., se:cdpVersion: 110.0.5481.105, setWindowRect: true, strictFileInteractability: false, timeouts: {implicit: 20000, pageLoad: 30000, script: 30000}, unhandledPromptBehavior: dismiss and notify, webauthn:extension:credBlob: true, webauthn:extension:largeBlob: true, webauthn:virtualAuthenticators: true}
Element: [[ChromeDriver: chrome on WINDOWS (45d5135ed7d140ed3da62fbc6abe3c84)] -> link text: Register]
Session ID: 45d5135ed7d140ed3da62fbc6abe3c84
at sun.reflect.NativeConstructorAccessorImpl.newInstance0(Native Method)
at sun.reflect.NativeConstructorAccessorImpl.newInstance(Unknown Source)
at sun.reflect.DelegatingConstructorAccessorImpl.newInstance(Unknown Source)
at java.lang.reflect.Constructor.newInstance(Unknown Source)
at org.openqa.selenium.remote.codec.w3c.W3CHttpResponseCodec.createException(W3CHttpResponseCodec.java:200)
at org.openqa.selenium.remote.codec.w3c.W3CHttpResponseCodec.decode(W3CHttpResponseCodec.java:133)
at org.openqa.selenium.remote.codec.w3c.W3CHttpResponseCodec.decode(W3CHttpResponseCodec.java:53)
at org.openqa.selenium.remote.HttpCommandExecutor.execute(HttpCommandExecutor.java:184)
at org.openqa.selenium.remote.service.DriverCommandExecutor.invokeExecute(DriverCommandExecutor.java:167)
at org.openqa.selenium.remote.service.DriverCommandExecutor.execute(DriverCommandExecutor.java:142)
at org.openqa.selenium.remote.RemoteWebDriver.execute(RemoteWebDriver.java:543)
at org.openqa.selenium.remote.RemoteWebElement.execute(RemoteWebElement.java:257)
at org.openqa.selenium.remote.RemoteWebElement.click(RemoteWebElement.java:78)
at pages.registerPage.clickRegisterLink(registerPage.java:51)
at StepDefinition.registerPage_step.the_user_enters_and_with_characters_less_than_eight_and_and_user_clicks_register_button(registerPage_step.java:107)
at ✽.The user enters "username" and "password" with characters less than eight and "confirm_password" and user clicks register button(file:///C:/Users/Reka/git/DS-ALGO-94NN/src/test/resources/features/02_registerPage.feature:63)
]]>
    </error>
  </testcase> <!-- runScenario -->
  <system-out/>
  <testcase name="runScenario" time="9.801" classname="runner.testRunner">
    <error type="org.openqa.selenium.StaleElementReferenceException" message="stale element reference: element is not attached to the page document
  (Session info: chrome=110.0.5481.105)
For documentation on this error, please visit: https://selenium.dev/exceptions/#stale_element_reference
Build info: version: &#039;4.8.0&#039;, revision: &#039;267030adea&#039;
System info: os.name: &#039;Windows 11&#039;, os.arch: &#039;amd64&#039;, os.version: &#039;10.0&#039;, java.version: &#039;1.8.0_351&#039;
Driver info: org.openqa.selenium.chrome.ChromeDriver
Command: [45d5135ed7d140ed3da62fbc6abe3c84, clickElement {id=19a2338a-08d5-46e0-9844-a7804a8b9cd4}]
Capabilities {acceptInsecureCerts: true, browserName: chrome, browserVersion: 110.0.5481.105, chrome: {chromedriverVersion: 110.0.5481.77 (65ed616c6e8e..., userDataDir: C:\WINDOWS\TEMP\scoped_dir8...}, goog:chromeOptions: {debuggerAddress: localhost:56719}, networkConnectionEnabled: false, pageLoadStrategy: normal, platformName: WINDOWS, proxy: Proxy(), se:cdp: ws://localhost:56719/devtoo..., se:cdpVersion: 110.0.5481.105, setWindowRect: true, strictFileInteractability: false, timeouts: {implicit: 20000, pageLoad: 30000, script: 30000}, unhandledPromptBehavior: dismiss and notify, webauthn:extension:credBlob: true, webauthn:extension:largeBlob: true, webauthn:virtualAuthenticators: true}
Element: [[ChromeDriver: chrome on WINDOWS (45d5135ed7d140ed3da62fbc6abe3c84)] -&gt; link text: Register]
Session ID: 45d5135ed7d140ed3da62fbc6abe3c84">
      <![CDATA[org.openqa.selenium.StaleElementReferenceException: stale element reference: element is not attached to the page document
  (Session info: chrome=110.0.5481.105)
For documentation on this error, please visit: https://selenium.dev/exceptions/#stale_element_reference
Build info: version: '4.8.0', revision: '267030adea'
System info: os.name: 'Windows 11', os.arch: 'amd64', os.version: '10.0', java.version: '1.8.0_351'
Driver info: org.openqa.selenium.chrome.ChromeDriver
Command: [45d5135ed7d140ed3da62fbc6abe3c84, clickElement {id=19a2338a-08d5-46e0-9844-a7804a8b9cd4}]
Capabilities {acceptInsecureCerts: true, browserName: chrome, browserVersion: 110.0.5481.105, chrome: {chromedriverVersion: 110.0.5481.77 (65ed616c6e8e..., userDataDir: C:\WINDOWS\TEMP\scoped_dir8...}, goog:chromeOptions: {debuggerAddress: localhost:56719}, networkConnectionEnabled: false, pageLoadStrategy: normal, platformName: WINDOWS, proxy: Proxy(), se:cdp: ws://localhost:56719/devtoo..., se:cdpVersion: 110.0.5481.105, setWindowRect: true, strictFileInteractability: false, timeouts: {implicit: 20000, pageLoad: 30000, script: 30000}, unhandledPromptBehavior: dismiss and notify, webauthn:extension:credBlob: true, webauthn:extension:largeBlob: true, webauthn:virtualAuthenticators: true}
Element: [[ChromeDriver: chrome on WINDOWS (45d5135ed7d140ed3da62fbc6abe3c84)] -> link text: Register]
Session ID: 45d5135ed7d140ed3da62fbc6abe3c84
at sun.reflect.NativeConstructorAccessorImpl.newInstance0(Native Method)
at sun.reflect.NativeConstructorAccessorImpl.newInstance(Unknown Source)
at sun.reflect.DelegatingConstructorAccessorImpl.newInstance(Unknown Source)
at java.lang.reflect.Constructor.newInstance(Unknown Source)
at org.openqa.selenium.remote.codec.w3c.W3CHttpResponseCodec.createException(W3CHttpResponseCodec.java:200)
at org.openqa.selenium.remote.codec.w3c.W3CHttpResponseCodec.decode(W3CHttpResponseCodec.java:133)
at org.openqa.selenium.remote.codec.w3c.W3CHttpResponseCodec.decode(W3CHttpResponseCodec.java:53)
at org.openqa.selenium.remote.HttpCommandExecutor.execute(HttpCommandExecutor.java:184)
at org.openqa.selenium.remote.service.DriverCommandExecutor.invokeExecute(DriverCommandExecutor.java:167)
at org.openqa.selenium.remote.service.DriverCommandExecutor.execute(DriverCommandExecutor.java:142)
at org.openqa.selenium.remote.RemoteWebDriver.execute(RemoteWebDriver.java:543)
at org.openqa.selenium.remote.RemoteWebElement.execute(RemoteWebElement.java:257)
at org.openqa.selenium.remote.RemoteWebElement.click(RemoteWebElement.java:78)
at pages.registerPage.clickRegisterLink(registerPage.java:51)
at StepDefinition.registerPage_step.the_user_clicks_button_with_all_fields_empty(registerPage_step.java:32)
at ✽.The user clicks "Register" button with all fields empty(file:///C:/Users/Reka/git/DS-ALGO-94NN/src/test/resources/features/02_registerPage.feature:25)
]]>
    </error>
  </testcase> <!-- runScenario -->
  <system-out/>
  <testcase name="runScenario" time="10.714" classname="runner.testRunner">
    <error type="org.openqa.selenium.StaleElementReferenceException" message="stale element reference: element is not attached to the page document
  (Session info: chrome=110.0.5481.105)
For documentation on this error, please visit: https://selenium.dev/exceptions/#stale_element_reference
Build info: version: &#039;4.8.0&#039;, revision: &#039;267030adea&#039;
System info: os.name: &#039;Windows 11&#039;, os.arch: &#039;amd64&#039;, os.version: &#039;10.0&#039;, java.version: &#039;1.8.0_351&#039;
Driver info: org.openqa.selenium.chrome.ChromeDriver
Command: [45d5135ed7d140ed3da62fbc6abe3c84, clickElement {id=19a2338a-08d5-46e0-9844-a7804a8b9cd4}]
Capabilities {acceptInsecureCerts: true, browserName: chrome, browserVersion: 110.0.5481.105, chrome: {chromedriverVersion: 110.0.5481.77 (65ed616c6e8e..., userDataDir: C:\WINDOWS\TEMP\scoped_dir8...}, goog:chromeOptions: {debuggerAddress: localhost:56719}, networkConnectionEnabled: false, pageLoadStrategy: normal, platformName: WINDOWS, proxy: Proxy(), se:cdp: ws://localhost:56719/devtoo..., se:cdpVersion: 110.0.5481.105, setWindowRect: true, strictFileInteractability: false, timeouts: {implicit: 20000, pageLoad: 30000, script: 30000}, unhandledPromptBehavior: dismiss and notify, webauthn:extension:credBlob: true, webauthn:extension:largeBlob: true, webauthn:virtualAuthenticators: true}
Element: [[ChromeDriver: chrome on WINDOWS (45d5135ed7d140ed3da62fbc6abe3c84)] -&gt; link text: Register]
Session ID: 45d5135ed7d140ed3da62fbc6abe3c84">
      <![CDATA[org.openqa.selenium.StaleElementReferenceException: stale element reference: element is not attached to the page document
  (Session info: chrome=110.0.5481.105)
For documentation on this error, please visit: https://selenium.dev/exceptions/#stale_element_reference
Build info: version: '4.8.0', revision: '267030adea'
System info: os.name: 'Windows 11', os.arch: 'amd64', os.version: '10.0', java.version: '1.8.0_351'
Driver info: org.openqa.selenium.chrome.ChromeDriver
Command: [45d5135ed7d140ed3da62fbc6abe3c84, clickElement {id=19a2338a-08d5-46e0-9844-a7804a8b9cd4}]
Capabilities {acceptInsecureCerts: true, browserName: chrome, browserVersion: 110.0.5481.105, chrome: {chromedriverVersion: 110.0.5481.77 (65ed616c6e8e..., userDataDir: C:\WINDOWS\TEMP\scoped_dir8...}, goog:chromeOptions: {debuggerAddress: localhost:56719}, networkConnectionEnabled: false, pageLoadStrategy: normal, platformName: WINDOWS, proxy: Proxy(), se:cdp: ws://localhost:56719/devtoo..., se:cdpVersion: 110.0.5481.105, setWindowRect: true, strictFileInteractability: false, timeouts: {implicit: 20000, pageLoad: 30000, script: 30000}, unhandledPromptBehavior: dismiss and notify, webauthn:extension:credBlob: true, webauthn:extension:largeBlob: true, webauthn:virtualAuthenticators: true}
Element: [[ChromeDriver: chrome on WINDOWS (45d5135ed7d140ed3da62fbc6abe3c84)] -> link text: Register]
Session ID: 45d5135ed7d140ed3da62fbc6abe3c84
at sun.reflect.NativeConstructorAccessorImpl.newInstance0(Native Method)
at sun.reflect.NativeConstructorAccessorImpl.newInstance(Unknown Source)
at sun.reflect.DelegatingConstructorAccessorImpl.newInstance(Unknown Source)
at java.lang.reflect.Constructor.newInstance(Unknown Source)
at org.openqa.selenium.remote.codec.w3c.W3CHttpResponseCodec.createException(W3CHttpResponseCodec.java:200)
at org.openqa.selenium.remote.codec.w3c.W3CHttpResponseCodec.decode(W3CHttpResponseCodec.java:133)
at org.openqa.selenium.remote.codec.w3c.W3CHttpResponseCodec.decode(W3CHttpResponseCodec.java:53)
at org.openqa.selenium.remote.HttpCommandExecutor.execute(HttpCommandExecutor.java:184)
at org.openqa.selenium.remote.service.DriverCommandExecutor.invokeExecute(DriverCommandExecutor.java:167)
at org.openqa.selenium.remote.service.DriverCommandExecutor.execute(DriverCommandExecutor.java:142)
at org.openqa.selenium.remote.RemoteWebDriver.execute(RemoteWebDriver.java:543)
at org.openqa.selenium.remote.RemoteWebElement.execute(RemoteWebElement.java:257)
at org.openqa.selenium.remote.RemoteWebElement.click(RemoteWebElement.java:78)
at pages.registerPage.clickRegisterLink(registerPage.java:51)
at StepDefinition.registerPage_step.the_user_enters_and_with_password_confirmation_field_empty_and_user_clicks_register_button(registerPage_step.java:66)
at ✽.The user  enters "username" and "password" with Password Confirmation field empty and user clicks register button(file:///C:/Users/Reka/git/DS-ALGO-94NN/src/test/resources/features/02_registerPage.feature:39)
]]>
    </error>
  </testcase> <!-- runScenario -->
  <system-out/>
</testsuite> <!-- runner.testRunner -->
