<?xml version="1.0" encoding="UTF-8"?>
<!-- Generated by org.testng.reporters.JUnitReportReporter -->
<testsuite hostname="Praveenas-MBP.grandenetworks.net" failures="0" tests="2" name="StepDefinition.mainPage" time="1.986" errors="0" timestamp="2023-02-01T16:49:42 CST" skipped="0">
  <testcase classname="StepDefinition.mainPage" name="page1" time="1.252"/>
  <system-out/>
  <testcase classname="StepDefinition.mainPage" name="registerPage" time="0.734"/>
  <system-out/>
</testsuite> <!-- StepDefinition.mainPage -->
