<?xml version="1.0" encoding="UTF-8"?>
<!-- Generated by org.testng.reporters.JUnitReportReporter -->
<testsuite skipped="0" hostname="HariDarshana" name="runner.testRunner" tests="62" failures="0" timestamp="2023-03-24T16:21:29 CDT" time="133.604" errors="0">
  <testcase name="runScenario" time="1.983" classname="runner.testRunner"/>
  <system-out/>
  <testcase name="runScenario" time="3.524" classname="runner.testRunner"/>
  <system-out/>
  <testcase name="runScenario" time="4.608" classname="runner.testRunner"/>
  <system-out/>
  <testcase name="runScenario" time="1.918" classname="runner.testRunner"/>
  <system-out/>
  <testcase name="runScenario" time="2.596" classname="runner.testRunner"/>
  <system-out/>
  <testcase name="runScenario" time="1.215" classname="runner.testRunner"/>
  <system-out/>
  <testcase name="runScenario" time="2.069" classname="runner.testRunner"/>
  <system-out/>
  <testcase name="runScenario" time="2.199" classname="runner.testRunner"/>
  <system-out/>
  <testcase name="runScenario" time="3.058" classname="runner.testRunner"/>
  <system-out/>
  <testcase name="runScenario" time="1.871" classname="runner.testRunner"/>
  <system-out/>
  <testcase name="runScenario" time="1.126" classname="runner.testRunner"/>
  <system-out/>
  <testcase name="runScenario" time="3.911" classname="runner.testRunner"/>
  <system-out/>
  <testcase name="runScenario" time="3.492" classname="runner.testRunner"/>
  <system-out/>
  <testcase name="runScenario" time="1.413" classname="runner.testRunner"/>
  <system-out/>
  <testcase name="runScenario" time="0.699" classname="runner.testRunner"/>
  <system-out/>
  <testcase name="runScenario" time="2.009" classname="runner.testRunner"/>
  <system-out/>
  <testcase name="runScenario" time="2.032" classname="runner.testRunner"/>
  <system-out/>
  <testcase name="runScenario" time="2.623" classname="runner.testRunner"/>
  <system-out/>
  <testcase name="runScenario" time="3.157" classname="runner.testRunner"/>
  <system-out/>
  <testcase name="runScenario" time="5.255" classname="runner.testRunner"/>
  <system-out/>
  <testcase name="runScenario" time="1.815" classname="runner.testRunner"/>
  <system-out/>
  <testcase name="runScenario" time="1.906" classname="runner.testRunner"/>
  <system-out/>
  <testcase name="runScenario" time="2.481" classname="runner.testRunner"/>
  <system-out/>
  <testcase name="runScenario" time="1.836" classname="runner.testRunner"/>
  <system-out/>
  <testcase name="runScenario" time="1.308" classname="runner.testRunner"/>
  <system-out/>
  <testcase name="runScenario" time="2.342" classname="runner.testRunner"/>
  <system-out/>
  <testcase name="runScenario" time="1.301" classname="runner.testRunner"/>
  <system-out/>
  <testcase name="runScenario" time="1.263" classname="runner.testRunner"/>
  <system-out/>
  <testcase name="runScenario" time="1.859" classname="runner.testRunner"/>
  <system-out/>
  <testcase name="runScenario" time="1.077" classname="runner.testRunner"/>
  <system-out/>
  <testcase name="runScenario" time="3.671" classname="runner.testRunner"/>
  <system-out/>
  <testcase name="runScenario" time="1.854" classname="runner.testRunner"/>
  <system-out/>
  <testcase name="runScenario" time="3.029" classname="runner.testRunner"/>
  <system-out/>
  <testcase name="runScenario" time="2.902" classname="runner.testRunner"/>
  <system-out/>
  <testcase name="runScenario" time="1.905" classname="runner.testRunner"/>
  <system-out/>
  <testcase name="runScenario" time="1.758" classname="runner.testRunner"/>
  <system-out/>
  <testcase name="runScenario" time="1.948" classname="runner.testRunner"/>
  <system-out/>
  <testcase name="runScenario" time="1.618" classname="runner.testRunner"/>
  <system-out/>
  <testcase name="runScenario" time="2.049" classname="runner.testRunner"/>
  <system-out/>
  <testcase name="runScenario" time="2.245" classname="runner.testRunner"/>
  <system-out/>
  <testcase name="runScenario" time="2.194" classname="runner.testRunner"/>
  <system-out/>
  <testcase name="runScenario" time="1.901" classname="runner.testRunner"/>
  <system-out/>
  <testcase name="runScenario" time="1.941" classname="runner.testRunner"/>
  <system-out/>
  <testcase name="runScenario" time="1.866" classname="runner.testRunner"/>
  <system-out/>
  <testcase name="runScenario" time="3.826" classname="runner.testRunner"/>
  <system-out/>
  <testcase name="runScenario" time="2.155" classname="runner.testRunner"/>
  <system-out/>
  <testcase name="runScenario" time="0.817" classname="runner.testRunner"/>
  <system-out/>
  <testcase name="runScenario" time="1.867" classname="runner.testRunner"/>
  <system-out/>
  <testcase name="runScenario" time="2.619" classname="runner.testRunner"/>
  <system-out/>
  <testcase name="runScenario" time="1.015" classname="runner.testRunner"/>
  <system-out/>
  <testcase name="runScenario" time="1.627" classname="runner.testRunner"/>
  <system-out/>
  <testcase name="runScenario" time="3.954" classname="runner.testRunner"/>
  <system-out/>
  <testcase name="runScenario" time="1.078" classname="runner.testRunner"/>
  <system-out/>
  <testcase name="runScenario" time="1.977" classname="runner.testRunner"/>
  <system-out/>
  <testcase name="runScenario" time="1.332" classname="runner.testRunner"/>
  <system-out/>
  <testcase name="runScenario" time="1.826" classname="runner.testRunner"/>
  <system-out/>
  <testcase name="runScenario" time="2.061" classname="runner.testRunner"/>
  <system-out/>
  <testcase name="runScenario" time="1.714" classname="runner.testRunner"/>
  <system-out/>
  <testcase name="runScenario" time="1.450" classname="runner.testRunner"/>
  <system-out/>
  <testcase name="runScenario" time="2.890" classname="runner.testRunner"/>
  <system-out/>
  <testcase name="runScenario" time="0.731" classname="runner.testRunner"/>
  <system-out/>
  <testcase name="runScenario" time="1.838" classname="runner.testRunner"/>
  <system-out/>
</testsuite> <!-- runner.testRunner -->
